2026-02-07 12:24:53,134 [INFO] Activator:176 - 


2026-02-07 12:24:53,137 [INFO] Activator:177 - !SESSION log4j initialized
2026-02-07 12:24:58,331 [INFO] LogOutputStream:77 - [STDOUT_REDIRECT] 
2026-02-07 12:28:49,383 [ERROR] LogOutputStream:75 - [STDERR_REDIRECT] SLF4J: Failed to load class "org.slf4j.impl.StaticLoggerBinder".
2026-02-07 12:28:49,384 [ERROR] LogOutputStream:75 - [STDERR_REDIRECT] SLF4J: Defaulting to no-operation (NOP) logger implementation
2026-02-07 12:28:49,385 [ERROR] LogOutputStream:75 - [STDERR_REDIRECT] SLF4J: See http://www.slf4j.org/codes.html#StaticLoggerBinder for further details.
2026-02-07 12:28:49,524 [ERROR] LogOutputStream:75 - [STDERR_REDIRECT] Managed Build system manifest file error: Option fr.ac6.managedbuild.option.gnu.cross.prefix.160370172 uses a null category that is invalid in its context. The option was ignored.
2026-02-07 12:28:49,526 [ERROR] LogOutputStream:75 - [STDERR_REDIRECT] Managed Build system manifest file error: Option fr.ac6.managedbuild.option.gnu.cross.mcu.1595969108 uses a null category that is invalid in its context. The option was ignored.
2026-02-07 12:28:49,528 [ERROR] LogOutputStream:75 - [STDERR_REDIRECT] Managed Build system manifest file error: Option fr.ac6.managedbuild.option.gnu.cross.board.626745888 uses a null category that is invalid in its context. The option was ignored.
2026-02-07 12:28:49,529 [ERROR] LogOutputStream:75 - [STDERR_REDIRECT] Managed Build system manifest file error: Option fr.ac6.managedbuild.option.gnu.cross.core.1083960614 uses a null category that is invalid in its context. The option was ignored.
2026-02-07 12:28:49,531 [ERROR] LogOutputStream:75 - [STDERR_REDIRECT] Managed Build system manifest file error: Option fr.ac6.managedbuild.option.gnu.cross.instructionSet.1453867061 uses a null category that is invalid in its context. The option was ignored.
2026-02-07 12:28:49,532 [ERROR] LogOutputStream:75 - [STDERR_REDIRECT] Managed Build system manifest file error: Option fr.ac6.managedbuild.option.gnu.cross.fpu.1923568481 uses a null category that is invalid in its context. The option was ignored.
2026-02-07 12:28:49,534 [ERROR] LogOutputStream:75 - [STDERR_REDIRECT] Managed Build system manifest file error: Option fr.ac6.managedbuild.option.gnu.cross.floatabi.837573837 uses a null category that is invalid in its context. The option was ignored.
2026-02-07 12:28:49,754 [ERROR] LogOutputStream:75 - [STDERR_REDIRECT] Managed Build system manifest file error: Option fr.ac6.managedbuild.option.gnu.cross.prefix.1198109920 uses a null category that is invalid in its context. The option was ignored.
2026-02-07 12:28:49,755 [ERROR] LogOutputStream:75 - [STDERR_REDIRECT] Managed Build system manifest file error: Option fr.ac6.managedbuild.option.gnu.cross.mcu.2137306754 uses a null category that is invalid in its context. The option was ignored.
2026-02-07 12:28:49,757 [ERROR] LogOutputStream:75 - [STDERR_REDIRECT] Managed Build system manifest file error: Option fr.ac6.managedbuild.option.gnu.cross.board.14629541 uses a null category that is invalid in its context. The option was ignored.
2026-02-07 12:28:49,759 [ERROR] LogOutputStream:75 - [STDERR_REDIRECT] Managed Build system manifest file error: Option fr.ac6.managedbuild.option.gnu.cross.core.1083960614 uses a null category that is invalid in its context. The option was ignored.
2026-02-07 12:28:49,761 [ERROR] LogOutputStream:75 - [STDERR_REDIRECT] Managed Build system manifest file error: Option fr.ac6.managedbuild.option.gnu.cross.instructionSet.1503373572 uses a null category that is invalid in its context. The option was ignored.
2026-02-07 12:28:49,763 [ERROR] LogOutputStream:75 - [STDERR_REDIRECT] Managed Build system manifest file error: Option fr.ac6.managedbuild.option.gnu.cross.fpu.434477295 uses a null category that is invalid in its context. The option was ignored.
2026-02-07 12:28:49,765 [ERROR] LogOutputStream:75 - [STDERR_REDIRECT] Managed Build system manifest file error: Option fr.ac6.managedbuild.option.gnu.cross.floatabi.369379122 uses a null category that is invalid in its context. The option was ignored.
2026-02-07 12:28:49,773 [ERROR] LogOutputStream:75 - [STDERR_REDIRECT] Managed Build system manifest file error: Option fr.ac6.managedbuild.option.gnu.cross.prefix.778815655 uses a null category that is invalid in its context. The option was ignored.
2026-02-07 12:28:49,777 [ERROR] LogOutputStream:75 - [STDERR_REDIRECT] Managed Build system manifest file error: Option fr.ac6.managedbuild.option.gnu.cross.mcu.108116028 uses a null category that is invalid in its context. The option was ignored.
2026-02-07 12:28:49,781 [ERROR] LogOutputStream:75 - [STDERR_REDIRECT] Managed Build system manifest file error: Option fr.ac6.managedbuild.option.gnu.cross.board.2041161406 uses a null category that is invalid in its context. The option was ignored.
2026-02-07 12:28:49,784 [ERROR] LogOutputStream:75 - [STDERR_REDIRECT] Managed Build system manifest file error: Option fr.ac6.managedbuild.option.gnu.cross.core.1083960614 uses a null category that is invalid in its context. The option was ignored.
2026-02-07 12:28:49,787 [ERROR] LogOutputStream:75 - [STDERR_REDIRECT] Managed Build system manifest file error: Option fr.ac6.managedbuild.option.gnu.cross.instructionSet.1699632568 uses a null category that is invalid in its context. The option was ignored.
2026-02-07 12:28:49,790 [ERROR] LogOutputStream:75 - [STDERR_REDIRECT] Managed Build system manifest file error: Option fr.ac6.managedbuild.option.gnu.cross.fpu.836102816 uses a null category that is invalid in its context. The option was ignored.
2026-02-07 12:28:49,793 [ERROR] LogOutputStream:75 - [STDERR_REDIRECT] Managed Build system manifest file error: Option fr.ac6.managedbuild.option.gnu.cross.floatabi.1710053260 uses a null category that is invalid in its context. The option was ignored.
2026-02-07 12:28:49,829 [ERROR] LogOutputStream:75 - [STDERR_REDIRECT] Managed Build system manifest file error: Option fr.ac6.managedbuild.option.gnu.cross.prefix.1258902597 uses a null category that is invalid in its context. The option was ignored.
2026-02-07 12:28:49,833 [ERROR] LogOutputStream:75 - [STDERR_REDIRECT] Managed Build system manifest file error: Option fr.ac6.managedbuild.option.gnu.cross.mcu.1566151308 uses a null category that is invalid in its context. The option was ignored.
2026-02-07 12:28:49,834 [ERROR] LogOutputStream:75 - [STDERR_REDIRECT] Managed Build system manifest file error: Option fr.ac6.managedbuild.option.gnu.cross.prefix.806426128 uses a null category that is invalid in its context. The option was ignored.
2026-02-07 12:28:49,838 [ERROR] LogOutputStream:75 - [STDERR_REDIRECT] Managed Build system manifest file error: Option fr.ac6.managedbuild.option.gnu.cross.board.373362149 uses a null category that is invalid in its context. The option was ignored.
2026-02-07 12:28:49,841 [ERROR] LogOutputStream:75 - [STDERR_REDIRECT] Managed Build system manifest file error: Option fr.ac6.managedbuild.option.gnu.cross.core.1083960614 uses a null category that is invalid in its context. The option was ignored.
2026-02-07 12:28:49,843 [ERROR] LogOutputStream:75 - [STDERR_REDIRECT] Managed Build system manifest file error: Option fr.ac6.managedbuild.option.gnu.cross.mcu.99263965 uses a null category that is invalid in its context. The option was ignored.
2026-02-07 12:28:49,847 [ERROR] LogOutputStream:75 - [STDERR_REDIRECT] Managed Build system manifest file error: Option fr.ac6.managedbuild.option.gnu.cross.instructionSet.120129210 uses a null category that is invalid in its context. The option was ignored.
2026-02-07 12:28:49,849 [ERROR] LogOutputStream:75 - [STDERR_REDIRECT] Managed Build system manifest file error: Option fr.ac6.managedbuild.option.gnu.cross.fpu.1927580221 uses a null category that is invalid in its context. The option was ignored.
2026-02-07 12:28:49,852 [ERROR] LogOutputStream:75 - [STDERR_REDIRECT] Managed Build system manifest file error: Option fr.ac6.managedbuild.option.gnu.cross.board.2145247037 uses a null category that is invalid in its context. The option was ignored.
2026-02-07 12:28:49,855 [ERROR] LogOutputStream:75 - [STDERR_REDIRECT] Managed Build system manifest file error: Option fr.ac6.managedbuild.option.gnu.cross.floatabi.179544925 uses a null category that is invalid in its context. The option was ignored.
2026-02-07 12:28:49,857 [ERROR] LogOutputStream:75 - [STDERR_REDIRECT] Managed Build system manifest file error: Option fr.ac6.managedbuild.option.gnu.cross.core.1083960614 uses a null category that is invalid in its context. The option was ignored.
2026-02-07 12:28:49,858 [ERROR] LogOutputStream:75 - [STDERR_REDIRECT] Managed Build system manifest file error: Option fr.ac6.managedbuild.option.gnu.cross.instructionSet.53685919 uses a null category that is invalid in its context. The option was ignored.
2026-02-07 12:28:49,861 [ERROR] LogOutputStream:75 - [STDERR_REDIRECT] Managed Build system manifest file error: Option fr.ac6.managedbuild.option.gnu.cross.fpu.516028971 uses a null category that is invalid in its context. The option was ignored.
2026-02-07 12:28:49,863 [ERROR] LogOutputStream:75 - [STDERR_REDIRECT] Managed Build system manifest file error: Option fr.ac6.managedbuild.option.gnu.cross.floatabi.428893480 uses a null category that is invalid in its context. The option was ignored.
2026-02-07 12:28:49,897 [ERROR] LogOutputStream:75 - [STDERR_REDIRECT] Managed Build system manifest file error: Option fr.ac6.managedbuild.option.gnu.cross.prefix.591011419 uses a null category that is invalid in its context. The option was ignored.
2026-02-07 12:28:49,899 [ERROR] LogOutputStream:75 - [STDERR_REDIRECT] Managed Build system manifest file error: Option fr.ac6.managedbuild.option.gnu.cross.mcu.1407260577 uses a null category that is invalid in its context. The option was ignored.
2026-02-07 12:28:49,902 [ERROR] LogOutputStream:75 - [STDERR_REDIRECT] Managed Build system manifest file error: Option fr.ac6.managedbuild.option.gnu.cross.board.664543222 uses a null category that is invalid in its context. The option was ignored.
2026-02-07 12:28:49,906 [ERROR] LogOutputStream:75 - [STDERR_REDIRECT] Managed Build system manifest file error: Option fr.ac6.managedbuild.option.gnu.cross.core.1083960614 uses a null category that is invalid in its context. The option was ignored.
2026-02-07 12:28:49,909 [ERROR] LogOutputStream:75 - [STDERR_REDIRECT] Managed Build system manifest file error: Option fr.ac6.managedbuild.option.gnu.cross.instructionSet.2089541485 uses a null category that is invalid in its context. The option was ignored.
2026-02-07 12:28:49,911 [ERROR] LogOutputStream:75 - [STDERR_REDIRECT] Managed Build system manifest file error: Option fr.ac6.managedbuild.option.gnu.cross.prefix.125318014 uses a null category that is invalid in its context. The option was ignored.
2026-02-07 12:28:49,913 [ERROR] LogOutputStream:75 - [STDERR_REDIRECT] Managed Build system manifest file error: Option fr.ac6.managedbuild.option.gnu.cross.fpu.1248123280 uses a null category that is invalid in its context. The option was ignored.
2026-02-07 12:28:49,915 [ERROR] LogOutputStream:75 - [STDERR_REDIRECT] Managed Build system manifest file error: Option fr.ac6.managedbuild.option.gnu.cross.mcu.2144447078 uses a null category that is invalid in its context. The option was ignored.
2026-02-07 12:28:49,919 [ERROR] LogOutputStream:75 - [STDERR_REDIRECT] Managed Build system manifest file error: Option fr.ac6.managedbuild.option.gnu.cross.floatabi.99533041 uses a null category that is invalid in its context. The option was ignored.
2026-02-07 12:28:49,923 [ERROR] LogOutputStream:75 - [STDERR_REDIRECT] Managed Build system manifest file error: Option fr.ac6.managedbuild.option.gnu.cross.board.327342209 uses a null category that is invalid in its context. The option was ignored.
2026-02-07 12:28:49,926 [ERROR] LogOutputStream:75 - [STDERR_REDIRECT] Managed Build system manifest file error: Option fr.ac6.managedbuild.option.gnu.cross.core.1083960614 uses a null category that is invalid in its context. The option was ignored.
2026-02-07 12:28:49,928 [ERROR] LogOutputStream:75 - [STDERR_REDIRECT] Managed Build system manifest file error: Option fr.ac6.managedbuild.option.gnu.cross.instructionSet.1821683192 uses a null category that is invalid in its context. The option was ignored.
2026-02-07 12:28:49,930 [ERROR] LogOutputStream:75 - [STDERR_REDIRECT] Managed Build system manifest file error: Option fr.ac6.managedbuild.option.gnu.cross.fpu.711927512 uses a null category that is invalid in its context. The option was ignored.
2026-02-07 12:28:49,933 [ERROR] LogOutputStream:75 - [STDERR_REDIRECT] Managed Build system manifest file error: Option fr.ac6.managedbuild.option.gnu.cross.floatabi.1715466656 uses a null category that is invalid in its context. The option was ignored.
2026-02-07 12:28:51,941 [ERROR] LogOutputStream:75 - [STDERR_REDIRECT] Managed Build system manifest file error: Option fr.ac6.managedbuild.option.gnu.cross.prefix.160370172 uses a null category that is invalid in its context. The option was ignored.
2026-02-07 12:28:51,943 [ERROR] LogOutputStream:75 - [STDERR_REDIRECT] Managed Build system manifest file error: Option fr.ac6.managedbuild.option.gnu.cross.mcu.1595969108 uses a null category that is invalid in its context. The option was ignored.
2026-02-07 12:28:51,945 [ERROR] LogOutputStream:75 - [STDERR_REDIRECT] Managed Build system manifest file error: Option fr.ac6.managedbuild.option.gnu.cross.board.626745888 uses a null category that is invalid in its context. The option was ignored.
2026-02-07 12:28:51,947 [ERROR] LogOutputStream:75 - [STDERR_REDIRECT] Managed Build system manifest file error: Option fr.ac6.managedbuild.option.gnu.cross.core.1083960614 uses a null category that is invalid in its context. The option was ignored.
2026-02-07 12:28:51,949 [ERROR] LogOutputStream:75 - [STDERR_REDIRECT] Managed Build system manifest file error: Option fr.ac6.managedbuild.option.gnu.cross.instructionSet.1453867061 uses a null category that is invalid in its context. The option was ignored.
2026-02-07 12:28:51,952 [ERROR] LogOutputStream:75 - [STDERR_REDIRECT] Managed Build system manifest file error: Option fr.ac6.managedbuild.option.gnu.cross.fpu.1923568481 uses a null category that is invalid in its context. The option was ignored.
2026-02-07 12:28:51,953 [ERROR] LogOutputStream:75 - [STDERR_REDIRECT] Managed Build system manifest file error: Option fr.ac6.managedbuild.option.gnu.cross.floatabi.837573837 uses a null category that is invalid in its context. The option was ignored.
2026-02-07 12:28:52,794 [ERROR] LogOutputStream:75 - [STDERR_REDIRECT] Managed Build system manifest file error: Option fr.ac6.managedbuild.option.gnu.cross.prefix.125318014 uses a null category that is invalid in its context. The option was ignored.
2026-02-07 12:28:52,796 [ERROR] LogOutputStream:75 - [STDERR_REDIRECT] Managed Build system manifest file error: Option fr.ac6.managedbuild.option.gnu.cross.mcu.2144447078 uses a null category that is invalid in its context. The option was ignored.
2026-02-07 12:28:52,798 [ERROR] LogOutputStream:75 - [STDERR_REDIRECT] Managed Build system manifest file error: Option fr.ac6.managedbuild.option.gnu.cross.board.327342209 uses a null category that is invalid in its context. The option was ignored.
2026-02-07 12:28:52,800 [ERROR] LogOutputStream:75 - [STDERR_REDIRECT] Managed Build system manifest file error: Option fr.ac6.managedbuild.option.gnu.cross.core.1083960614 uses a null category that is invalid in its context. The option was ignored.
2026-02-07 12:28:52,801 [ERROR] LogOutputStream:75 - [STDERR_REDIRECT] Managed Build system manifest file error: Option fr.ac6.managedbuild.option.gnu.cross.instructionSet.1821683192 uses a null category that is invalid in its context. The option was ignored.
2026-02-07 12:28:52,802 [ERROR] LogOutputStream:75 - [STDERR_REDIRECT] Managed Build system manifest file error: Option fr.ac6.managedbuild.option.gnu.cross.fpu.711927512 uses a null category that is invalid in its context. The option was ignored.
2026-02-07 12:28:52,804 [ERROR] LogOutputStream:75 - [STDERR_REDIRECT] Managed Build system manifest file error: Option fr.ac6.managedbuild.option.gnu.cross.floatabi.1715466656 uses a null category that is invalid in its context. The option was ignored.
2026-02-07 12:28:52,887 [ERROR] LogOutputStream:75 - [STDERR_REDIRECT] Managed Build system manifest file error: Option fr.ac6.managedbuild.option.gnu.cross.prefix.778815655 uses a null category that is invalid in its context. The option was ignored.
2026-02-07 12:28:52,889 [ERROR] LogOutputStream:75 - [STDERR_REDIRECT] Managed Build system manifest file error: Option fr.ac6.managedbuild.option.gnu.cross.mcu.108116028 uses a null category that is invalid in its context. The option was ignored.
2026-02-07 12:28:52,891 [ERROR] LogOutputStream:75 - [STDERR_REDIRECT] Managed Build system manifest file error: Option fr.ac6.managedbuild.option.gnu.cross.board.2041161406 uses a null category that is invalid in its context. The option was ignored.
2026-02-07 12:28:52,892 [ERROR] LogOutputStream:75 - [STDERR_REDIRECT] Managed Build system manifest file error: Option fr.ac6.managedbuild.option.gnu.cross.core.1083960614 uses a null category that is invalid in its context. The option was ignored.
2026-02-07 12:28:52,894 [ERROR] LogOutputStream:75 - [STDERR_REDIRECT] Managed Build system manifest file error: Option fr.ac6.managedbuild.option.gnu.cross.instructionSet.1699632568 uses a null category that is invalid in its context. The option was ignored.
2026-02-07 12:28:52,896 [ERROR] LogOutputStream:75 - [STDERR_REDIRECT] Managed Build system manifest file error: Option fr.ac6.managedbuild.option.gnu.cross.fpu.836102816 uses a null category that is invalid in its context. The option was ignored.
2026-02-07 12:28:52,897 [ERROR] LogOutputStream:75 - [STDERR_REDIRECT] Managed Build system manifest file error: Option fr.ac6.managedbuild.option.gnu.cross.floatabi.1710053260 uses a null category that is invalid in its context. The option was ignored.
2026-02-07 12:28:53,352 [ERROR] LogOutputStream:75 - [STDERR_REDIRECT] Managed Build system manifest file error: Option fr.ac6.managedbuild.option.gnu.cross.prefix.1198109920 uses a null category that is invalid in its context. The option was ignored.
2026-02-07 12:28:53,353 [ERROR] LogOutputStream:75 - [STDERR_REDIRECT] Managed Build system manifest file error: Option fr.ac6.managedbuild.option.gnu.cross.mcu.2137306754 uses a null category that is invalid in its context. The option was ignored.
2026-02-07 12:28:53,356 [ERROR] LogOutputStream:75 - [STDERR_REDIRECT] Managed Build system manifest file error: Option fr.ac6.managedbuild.option.gnu.cross.board.14629541 uses a null category that is invalid in its context. The option was ignored.
2026-02-07 12:28:53,357 [ERROR] LogOutputStream:75 - [STDERR_REDIRECT] Managed Build system manifest file error: Option fr.ac6.managedbuild.option.gnu.cross.core.1083960614 uses a null category that is invalid in its context. The option was ignored.
2026-02-07 12:28:53,359 [ERROR] LogOutputStream:75 - [STDERR_REDIRECT] Managed Build system manifest file error: Option fr.ac6.managedbuild.option.gnu.cross.instructionSet.1503373572 uses a null category that is invalid in its context. The option was ignored.
2026-02-07 12:28:53,361 [ERROR] LogOutputStream:75 - [STDERR_REDIRECT] Managed Build system manifest file error: Option fr.ac6.managedbuild.option.gnu.cross.fpu.434477295 uses a null category that is invalid in its context. The option was ignored.
2026-02-07 12:28:53,362 [ERROR] LogOutputStream:75 - [STDERR_REDIRECT] Managed Build system manifest file error: Option fr.ac6.managedbuild.option.gnu.cross.floatabi.369379122 uses a null category that is invalid in its context. The option was ignored.
2026-02-07 12:28:53,446 [ERROR] LogOutputStream:75 - [STDERR_REDIRECT] Managed Build system manifest file error: Option fr.ac6.managedbuild.option.gnu.cross.prefix.1258902597 uses a null category that is invalid in its context. The option was ignored.
2026-02-07 12:28:53,447 [ERROR] LogOutputStream:75 - [STDERR_REDIRECT] Managed Build system manifest file error: Option fr.ac6.managedbuild.option.gnu.cross.mcu.1566151308 uses a null category that is invalid in its context. The option was ignored.
2026-02-07 12:28:53,450 [ERROR] LogOutputStream:75 - [STDERR_REDIRECT] Managed Build system manifest file error: Option fr.ac6.managedbuild.option.gnu.cross.board.373362149 uses a null category that is invalid in its context. The option was ignored.
2026-02-07 12:28:53,453 [ERROR] LogOutputStream:75 - [STDERR_REDIRECT] Managed Build system manifest file error: Option fr.ac6.managedbuild.option.gnu.cross.core.1083960614 uses a null category that is invalid in its context. The option was ignored.
2026-02-07 12:28:53,455 [ERROR] LogOutputStream:75 - [STDERR_REDIRECT] Managed Build system manifest file error: Option fr.ac6.managedbuild.option.gnu.cross.instructionSet.120129210 uses a null category that is invalid in its context. The option was ignored.
2026-02-07 12:28:53,457 [ERROR] LogOutputStream:75 - [STDERR_REDIRECT] Managed Build system manifest file error: Option fr.ac6.managedbuild.option.gnu.cross.fpu.1927580221 uses a null category that is invalid in its context. The option was ignored.
2026-02-07 12:28:53,459 [ERROR] LogOutputStream:75 - [STDERR_REDIRECT] Managed Build system manifest file error: Option fr.ac6.managedbuild.option.gnu.cross.floatabi.179544925 uses a null category that is invalid in its context. The option was ignored.
2026-02-07 12:28:53,538 [ERROR] LogOutputStream:75 - [STDERR_REDIRECT] Managed Build system manifest file error: Option fr.ac6.managedbuild.option.gnu.cross.prefix.806426128 uses a null category that is invalid in its context. The option was ignored.
2026-02-07 12:28:53,540 [ERROR] LogOutputStream:75 - [STDERR_REDIRECT] Managed Build system manifest file error: Option fr.ac6.managedbuild.option.gnu.cross.mcu.99263965 uses a null category that is invalid in its context. The option was ignored.
2026-02-07 12:28:53,541 [ERROR] LogOutputStream:75 - [STDERR_REDIRECT] Managed Build system manifest file error: Option fr.ac6.managedbuild.option.gnu.cross.board.2145247037 uses a null category that is invalid in its context. The option was ignored.
2026-02-07 12:28:53,543 [ERROR] LogOutputStream:75 - [STDERR_REDIRECT] Managed Build system manifest file error: Option fr.ac6.managedbuild.option.gnu.cross.core.1083960614 uses a null category that is invalid in its context. The option was ignored.
2026-02-07 12:28:53,545 [ERROR] LogOutputStream:75 - [STDERR_REDIRECT] Managed Build system manifest file error: Option fr.ac6.managedbuild.option.gnu.cross.instructionSet.53685919 uses a null category that is invalid in its context. The option was ignored.
2026-02-07 12:28:53,546 [ERROR] LogOutputStream:75 - [STDERR_REDIRECT] Managed Build system manifest file error: Option fr.ac6.managedbuild.option.gnu.cross.fpu.516028971 uses a null category that is invalid in its context. The option was ignored.
2026-02-07 12:28:53,548 [ERROR] LogOutputStream:75 - [STDERR_REDIRECT] Managed Build system manifest file error: Option fr.ac6.managedbuild.option.gnu.cross.floatabi.428893480 uses a null category that is invalid in its context. The option was ignored.
2026-02-07 12:28:53,627 [ERROR] LogOutputStream:75 - [STDERR_REDIRECT] Managed Build system manifest file error: Option fr.ac6.managedbuild.option.gnu.cross.prefix.591011419 uses a null category that is invalid in its context. The option was ignored.
2026-02-07 12:28:53,629 [ERROR] LogOutputStream:75 - [STDERR_REDIRECT] Managed Build system manifest file error: Option fr.ac6.managedbuild.option.gnu.cross.mcu.1407260577 uses a null category that is invalid in its context. The option was ignored.
2026-02-07 12:28:53,629 [ERROR] LogOutputStream:75 - [STDERR_REDIRECT] Managed Build system manifest file error: Option fr.ac6.managedbuild.option.gnu.cross.board.664543222 uses a null category that is invalid in its context. The option was ignored.
2026-02-07 12:28:53,631 [ERROR] LogOutputStream:75 - [STDERR_REDIRECT] Managed Build system manifest file error: Option fr.ac6.managedbuild.option.gnu.cross.core.1083960614 uses a null category that is invalid in its context. The option was ignored.
2026-02-07 12:28:53,633 [ERROR] LogOutputStream:75 - [STDERR_REDIRECT] Managed Build system manifest file error: Option fr.ac6.managedbuild.option.gnu.cross.instructionSet.2089541485 uses a null category that is invalid in its context. The option was ignored.
2026-02-07 12:28:53,635 [ERROR] LogOutputStream:75 - [STDERR_REDIRECT] Managed Build system manifest file error: Option fr.ac6.managedbuild.option.gnu.cross.fpu.1248123280 uses a null category that is invalid in its context. The option was ignored.
2026-02-07 12:28:53,636 [ERROR] LogOutputStream:75 - [STDERR_REDIRECT] Managed Build system manifest file error: Option fr.ac6.managedbuild.option.gnu.cross.floatabi.99533041 uses a null category that is invalid in its context. The option was ignored.
